# JRE version: OpenJDK Runtime Environment Temurin-21.0.12.1+1 (21.0.12.1+1) (build 21.0.12.1+1-LTS)
# Java VM: OpenJDK 64-Bit Server VM Temurin-21.0.12.1+1 (21.0.12.1+1-LTS, mixed mode, sharing, tiered, compressed oops, compressed class ptrs, parallel gc, windows-amd64)
GC Precious Log:
 CardTable entry size: 512
 CPUs: 4 total, 4 available
 Memory: 8072M
 Large Page Support: Disabled
 NUMA Support: Disabled
 Compressed Oops: Enabled (32-bit)
 Alignments: Space 512K, Generation 512K, Heap 2M
 Heap Min Capacity: 100M
 Heap Initial Capacity: 100M
 Heap Max Capacity: 2G
 Pre-touch: Disabled
 Parallel Workers: 4
Heap:
 PSYoungGen      total 4608K, used 4177K [0x00000000d5580000, 0x00000000d5b80000, 0x0000000100000000)
  eden space 4096K, 98% used [0x00000000d5580000,0x00000000d59747b0,0x00000000d5980000)
  from space 512K, 25% used [0x00000000d5a80000,0x00000000d5aa0000,0x00000000d5b00000)
  to   space 512K, 0% used [0x00000000d5b00000,0x00000000d5b00000,0x00000000d5b80000)
 ParOldGen       total 1146368K, used 1145812K [0x0000000080000000, 0x00000000c5f80000, 0x00000000d5580000)
  object space 1146368K, 99% used [0x0000000080000000,0x00000000c5ef53a0,0x00000000c5f80000)
 Metaspace       used 93308K, committed 95232K, reserved 1179648K
  class space    used 9690K, committed 10560K, reserved 1048576K
GC Heap History (20 events):
Event: 688.829 GC heap before
{Heap before GC invocations=1802 (full 4):
 PSYoungGen      total 5632K, used 5493K [0x00000000d5580000, 0x00000000d5c80000, 0x0000000100000000)
  eden space 4096K, 100% used [0x00000000d5580000,0x00000000d5980000,0x00000000d5980000)
  from space 1536K, 90% used [0x00000000d5980000,0x00000000d5add540,0x00000000d5b00000)
  to   space 1536K, 0% used [0x00000000d5b00000,0x00000000d5b00000,0x00000000d5c80000)
 ParOldGen       total 1144320K, used 1144305K [0x0000000080000000, 0x00000000c5d80000, 0x00000000d5580000)
  object space 1144320K, 99% used [0x0000000080000000,0x00000000c5d7c740,0x00000000c5d80000)
 Metaspace       used 93263K, committed 95232K, reserved 1179648K
  class space    used 9690K, committed 10560K, reserved 1048576K
}
Event: 688.835 GC heap after
{Heap after GC invocations=1802 (full 4):
 PSYoungGen      total 4608K, used 224K [0x00000000d5580000, 0x00000000d5b80000, 0x0000000100000000)
  eden space 4096K, 0% used [0x00000000d5580000,0x00000000d5580000,0x00000000d5980000)
  from space 512K, 43% used [0x00000000d5b00000,0x00000000d5b38000,0x00000000d5b80000)
  to   space 1024K, 0% used [0x00000000d5980000,0x00000000d5980000,0x00000000d5a80000)
 ParOldGen       total 1144832K, used 1144343K [0x0000000080000000, 0x00000000c5e00000, 0x00000000d5580000)
  object space 1144832K, 99% used [0x0000000080000000,0x00000000c5d85c80,0x00000000c5e00000)
 Metaspace       used 93263K, committed 95232K, reserved 1179648K
  class space    used 9690K, committed 10560K, reserved 1048576K
}
Event: 688.908 GC heap before
{Heap before GC invocations=1803 (full 4):
 PSYoungGen      total 4608K, used 4320K [0x00000000d5580000, 0x00000000d5b80000, 0x0000000100000000)
  eden space 4096K, 100% used [0x00000000d5580000,0x00000000d5980000,0x00000000d5980000)
  from space 512K, 43% used [0x00000000d5b00000,0x00000000d5b38000,0x00000000d5b80000)
  to   space 1024K, 0% used [0x00000000d5980000,0x00000000d5980000,0x00000000d5a80000)
 ParOldGen       total 1144832K, used 1144343K [0x0000000080000000, 0x00000000c5e00000, 0x00000000d5580000)
  object space 1144832K, 99% used [0x0000000080000000,0x00000000c5d85c80,0x00000000c5e00000)
 Metaspace       used 93264K, committed 95232K, reserved 1179648K
  class space    used 9690K, committed 10560K, reserved 1048576K
}
Event: 688.915 GC heap after
{Heap after GC invocations=1803 (full 4):
 PSYoungGen      total 5120K, used 128K [0x00000000d5580000, 0x00000000d5b80000, 0x0000000100000000)
  eden space 4096K, 0% used [0x00000000d5580000,0x00000000d5580000,0x00000000d5980000)
  from space 1024K, 12% used [0x00000000d5980000,0x00000000d59a0000,0x00000000d5a80000)
  to   space 512K, 0% used [0x00000000d5b00000,0x00000000d5b00000,0x00000000d5b80000)
 ParOldGen       total 1144832K, used 1144460K [0x0000000080000000, 0x00000000c5e00000, 0x00000000d5580000)
  object space 1144832K, 99% used [0x0000000080000000,0x00000000c5da31c0,0x00000000c5e00000)
 Metaspace       used 93264K, committed 95232K, reserved 1179648K
  class space    used 9690K, committed 10560K, reserved 1048576K
}
Event: 689.009 GC heap before
{Heap before GC invocations=1804 (full 4):
 PSYoungGen      total 5120K, used 4224K [0x00000000d5580000, 0x00000000d5b80000, 0x0000000100000000)
  eden space 4096K, 100% used [0x00000000d5580000,0x00000000d5980000,0x00000000d5980000)
  from space 1024K, 12% used [0x00000000d5980000,0x00000000d59a0000,0x00000000d5a80000)
  to   space 512K, 0% used [0x00000000d5b00000,0x00000000d5b00000,0x00000000d5b80000)
 ParOldGen       total 1144832K, used 1144460K [0x0000000080000000, 0x00000000c5e00000, 0x00000000d5580000)
  object space 1144832K, 99% used [0x0000000080000000,0x00000000c5da31c0,0x00000000c5e00000)
 Metaspace       used 93274K, committed 95232K, reserved 1179648K
  class space    used 9690K, committed 10560K, reserved 1048576K
}
Event: 689.014 GC heap after
{Heap after GC invocations=1804 (full 4):
 PSYoungGen      total 4608K, used 160K [0x00000000d5580000, 0x00000000d5b80000, 0x0000000100000000)
  eden space 4096K, 0% used [0x00000000d5580000,0x00000000d5580000,0x00000000d5980000)
  from space 512K, 31% used [0x00000000d5b00000,0x00000000d5b28000,0x00000000d5b80000)
  to   space 512K, 0% used [0x00000000d5a80000,0x00000000d5a80000,0x00000000d5b00000)
 ParOldGen       total 1144832K, used 1144484K [0x0000000080000000, 0x00000000c5e00000, 0x00000000d5580000)
  object space 1144832K, 99% used [0x0000000080000000,0x00000000c5da91c0,0x00000000c5e00000)
 Metaspace       used 93274K, committed 95232K, reserved 1179648K
  class space    used 9690K, committed 10560K, reserved 1048576K
}
Event: 691.767 GC heap before
{Heap before GC invocations=1805 (full 4):
 PSYoungGen      total 4608K, used 4256K [0x00000000d5580000, 0x00000000d5b80000, 0x0000000100000000)
  eden space 4096K, 100% used [0x00000000d5580000,0x00000000d5980000,0x00000000d5980000)
  from space 512K, 31% used [0x00000000d5b00000,0x00000000d5b28000,0x00000000d5b80000)
  to   space 512K, 0% used [0x00000000d5a80000,0x00000000d5a80000,0x00000000d5b00000)
 ParOldGen       total 1144832K, used 1144484K [0x0000000080000000, 0x00000000c5e00000, 0x00000000d5580000)
  object space 1144832K, 99% used [0x0000000080000000,0x00000000c5da91c0,0x00000000c5e00000)
 Metaspace       used 93287K, committed 95232K, reserved 1179648K
  class space    used 9690K, committed 10560K, reserved 1048576K
}
Event: 691.771 GC heap after
{Heap after GC invocations=1805 (full 4):
 PSYoungGen      total 4608K, used 160K [0x00000000d5580000, 0x00000000d5b80000, 0x0000000100000000)
  eden space 4096K, 0% used [0x00000000d5580000,0x00000000d5580000,0x00000000d5980000)
  from space 512K, 31% used [0x00000000d5a80000,0x00000000d5aa8000,0x00000000d5b00000)
  to   space 512K, 0% used [0x00000000d5b00000,0x00000000d5b00000,0x00000000d5b80000)
 ParOldGen       total 1144832K, used 1144508K [0x0000000080000000, 0x00000000c5e00000, 0x00000000d5580000)
  object space 1144832K, 99% used [0x0000000080000000,0x00000000c5daf1c0,0x00000000c5e00000)
 Metaspace       used 93287K, committed 95232K, reserved 1179648K
  class space    used 9690K, committed 10560K, reserved 1048576K
}
Event: 695.470 GC heap before
{Heap before GC invocations=1806 (full 4):
 PSYoungGen      total 4608K, used 4256K [0x00000000d5580000, 0x00000000d5b80000, 0x0000000100000000)
  eden space 4096K, 100% used [0x00000000d5580000,0x00000000d5980000,0x00000000d5980000)
  from space 512K, 31% used [0x00000000d5a80000,0x00000000d5aa8000,0x00000000d5b00000)
  to   space 512K, 0% used [0x00000000d5b00000,0x00000000d5b00000,0x00000000d5b80000)
 ParOldGen       total 1144832K, used 1144508K [0x0000000080000000, 0x00000000c5e00000, 0x00000000d5580000)
  object space 1144832K, 99% used [0x0000000080000000,0x00000000c5daf1c0,0x00000000c5e00000)
 Metaspace       used 93296K, committed 95232K, reserved 1179648K
  class space    used 9690K, committed 10560K, reserved 1048576K
}
Event: 695.475 GC heap after
{Heap after GC invocations=1806 (full 4):
 PSYoungGen      total 4608K, used 256K [0x00000000d5580000, 0x00000000d5b80000, 0x0000000100000000)
  eden space 4096K, 0% used [0x00000000d5580000,0x00000000d5580000,0x00000000d5980000)
  from space 512K, 50% used [0x00000000d5b00000,0x00000000d5b40000,0x00000000d5b80000)
  to   space 512K, 0% used [0x00000000d5a80000,0x00000000d5a80000,0x00000000d5b00000)
 ParOldGen       total 1144832K, used 1144540K [0x0000000080000000, 0x00000000c5e00000, 0x00000000d5580000)
  object space 1144832K, 99% used [0x0000000080000000,0x00000000c5db71c0,0x00000000c5e00000)
 Metaspace       used 93296K, committed 95232K, reserved 1179648K
  class space    used 9690K, committed 10560K, reserved 1048576K
}
Event: 695.510 GC heap before
{Heap before GC invocations=1807 (full 4):
 PSYoungGen      total 4608K, used 3811K [0x00000000d5580000, 0x00000000d5b80000, 0x0000000100000000)
  eden space 4096K, 86% used [0x00000000d5580000,0x00000000d58f8fb0,0x00000000d5980000)
  from space 512K, 50% used [0x00000000d5b00000,0x00000000d5b40000,0x00000000d5b80000)
  to   space 512K, 0% used [0x00000000d5a80000,0x00000000d5a80000,0x00000000d5b00000)
 ParOldGen       total 1144832K, used 1144540K [0x0000000080000000, 0x00000000c5e00000, 0x00000000d5580000)
  object space 1144832K, 99% used [0x0000000080000000,0x00000000c5db71c0,0x00000000c5e00000)
 Metaspace       used 93296K, committed 95232K, reserved 1179648K
  class space    used 9690K, committed 10560K, reserved 1048576K
}
Event: 695.513 GC heap after
{Heap after GC invocations=1807 (full 4):
 PSYoungGen      total 4608K, used 128K [0x00000000d5580000, 0x00000000d5b80000, 0x0000000100000000)
  eden space 4096K, 0% used [0x00000000d5580000,0x00000000d5580000,0x00000000d5980000)
  from space 512K, 25% used [0x00000000d5a80000,0x00000000d5aa0000,0x00000000d5b00000)
  to   space 512K, 0% used [0x00000000d5b00000,0x00000000d5b00000,0x00000000d5b80000)
 ParOldGen       total 1144832K, used 1144756K [0x0000000080000000, 0x00000000c5e00000, 0x00000000d5580000)
  object space 1144832K, 99% used [0x0000000080000000,0x00000000c5ded1d0,0x00000000c5e00000)
 Metaspace       used 93296K, committed 95232K, reserved 1179648K
  class space    used 9690K, committed 10560K, reserved 1048576K
}
Event: 695.795 GC heap before
{Heap before GC invocations=1808 (full 4):
 PSYoungGen      total 4608K, used 4224K [0x00000000d5580000, 0x00000000d5b80000, 0x0000000100000000)
  eden space 4096K, 100% used [0x00000000d5580000,0x00000000d5980000,0x00000000d5980000)
  from space 512K, 25% used [0x00000000d5a80000,0x00000000d5aa0000,0x00000000d5b00000)
  to   space 512K, 0% used [0x00000000d5b00000,0x00000000d5b00000,0x00000000d5b80000)
 ParOldGen       total 1144832K, used 1144756K [0x0000000080000000, 0x00000000c5e00000, 0x00000000d5580000)
  object space 1144832K, 99% used [0x0000000080000000,0x00000000c5ded1d0,0x00000000c5e00000)
 Metaspace       used 93296K, committed 95232K, reserved 1179648K
  class space    used 9690K, committed 10560K, reserved 1048576K
}
Event: 695.799 GC heap after
{Heap after GC invocations=1808 (full 4):
 PSYoungGen      total 4608K, used 96K [0x00000000d5580000, 0x00000000d5b80000, 0x0000000100000000)
  eden space 4096K, 0% used [0x00000000d5580000,0x00000000d5580000,0x00000000d5980000)
  from space 512K, 18% used [0x00000000d5b00000,0x00000000d5b18000,0x00000000d5b80000)
  to   space 512K, 0% used [0x00000000d5a80000,0x00000000d5a80000,0x00000000d5b00000)
 ParOldGen       total 1144832K, used 1144788K [0x0000000080000000, 0x00000000c5e00000, 0x00000000d5580000)
  object space 1144832K, 99% used [0x0000000080000000,0x00000000c5df51d0,0x00000000c5e00000)
 Metaspace       used 93296K, committed 95232K, reserved 1179648K
  class space    used 9690K, committed 10560K, reserved 1048576K
}
Event: 728.954 GC heap before
{Heap before GC invocations=1809 (full 4):
 PSYoungGen      total 4608K, used 4170K [0x00000000d5580000, 0x00000000d5b80000, 0x0000000100000000)
  eden space 4096K, 99% used [0x00000000d5580000,0x00000000d597a980,0x00000000d5980000)
  from space 512K, 18% used [0x00000000d5b00000,0x00000000d5b18000,0x00000000d5b80000)
  to   space 512K, 0% used [0x00000000d5a80000,0x00000000d5a80000,0x00000000d5b00000)
 ParOldGen       total 1144832K, used 1144788K [0x0000000080000000, 0x00000000c5e00000, 0x00000000d5580000)
  object space 1144832K, 99% used [0x0000000080000000,0x00000000c5df51d0,0x00000000c5e00000)
 Metaspace       used 93304K, committed 95232K, reserved 1179648K
  class space    used 9690K, committed 10560K, reserved 1048576K
}
Event: 728.959 GC heap after
{Heap after GC invocations=1809 (full 4):
 PSYoungGen      total 4608K, used 224K [0x00000000d5580000, 0x00000000d5b80000, 0x0000000100000000)
  eden space 4096K, 0% used [0x00000000d5580000,0x00000000d5580000,0x00000000d5980000)
  from space 512K, 43% used [0x00000000d5a80000,0x00000000d5ab8000,0x00000000d5b00000)
  to   space 512K, 0% used [0x00000000d5b00000,0x00000000d5b00000,0x00000000d5b80000)
 ParOldGen       total 1144832K, used 1144828K [0x0000000080000000, 0x00000000c5e00000, 0x00000000d5580000)
  object space 1144832K, 99% used [0x0000000080000000,0x00000000c5dff1d0,0x00000000c5e00000)
 Metaspace       used 93304K, committed 95232K, reserved 1179648K
  class space    used 9690K, committed 10560K, reserved 1048576K
}
Event: 728.986 GC heap before
{Heap before GC invocations=1810 (full 4):
 PSYoungGen      total 4608K, used 4234K [0x00000000d5580000, 0x00000000d5b80000, 0x0000000100000000)
  eden space 4096K, 97% used [0x00000000d5580000,0x00000000d596a800,0x00000000d5980000)
  from space 512K, 43% used [0x00000000d5a80000,0x00000000d5ab8000,0x00000000d5b00000)
  to   space 512K, 0% used [0x00000000d5b00000,0x00000000d5b00000,0x00000000d5b80000)
 ParOldGen       total 1144832K, used 1144828K [0x0000000080000000, 0x00000000c5e00000, 0x00000000d5580000)
  object space 1144832K, 99% used [0x0000000080000000,0x00000000c5dff1d0,0x00000000c5e00000)
 Metaspace       used 93304K, committed 95232K, reserved 1179648K
  class space    used 9690K, committed 10560K, reserved 1048576K
}
Event: 728.992 GC heap after
{Heap after GC invocations=1810 (full 4):
 PSYoungGen      total 4608K, used 246K [0x00000000d5580000, 0x00000000d5b80000, 0x0000000100000000)
  eden space 4096K, 0% used [0x00000000d5580000,0x00000000d5580000,0x00000000d5980000)
  from space 512K, 48% used [0x00000000d5b00000,0x00000000d5b3d878,0x00000000d5b80000)
  to   space 512K, 0% used [0x00000000d5a80000,0x00000000d5a80000,0x00000000d5b00000)
 ParOldGen       total 1146368K, used 1145788K [0x0000000080000000, 0x00000000c5f80000, 0x00000000d5580000)
  object space 1146368K, 99% used [0x0000000080000000,0x00000000c5eef3a0,0x00000000c5f80000)
 Metaspace       used 93304K, committed 95232K, reserved 1179648K
  class space    used 9690K, committed 10560K, reserved 1048576K
}
Event: 729.025 GC heap before
{Heap before GC invocations=1811 (full 4):
 PSYoungGen      total 4608K, used 4241K [0x00000000d5580000, 0x00000000d5b80000, 0x0000000100000000)
  eden space 4096K, 97% used [0x00000000d5580000,0x00000000d5966cb0,0x00000000d5980000)
  from space 512K, 48% used [0x00000000d5b00000,0x00000000d5b3d878,0x00000000d5b80000)
  to   space 512K, 0% used [0x00000000d5a80000,0x00000000d5a80000,0x00000000d5b00000)
 ParOldGen       total 1146368K, used 1145788K [0x0000000080000000, 0x00000000c5f80000, 0x00000000d5580000)
  object space 1146368K, 99% used [0x0000000080000000,0x00000000c5eef3a0,0x00000000c5f80000)
 Metaspace       used 93304K, committed 95232K, reserved 1179648K
  class space    used 9690K, committed 10560K, reserved 1048576K
}
Event: 729.027 GC heap after
{Heap after GC invocations=1811 (full 4):
 PSYoungGen      total 4608K, used 128K [0x00000000d5580000, 0x00000000d5b80000, 0x0000000100000000)
  eden space 4096K, 0% used [0x00000000d5580000,0x00000000d5580000,0x00000000d5980000)
  from space 512K, 25% used [0x00000000d5a80000,0x00000000d5aa0000,0x00000000d5b00000)
  to   space 512K, 0% used [0x00000000d5b00000,0x00000000d5b00000,0x00000000d5b80000)
 ParOldGen       total 1146368K, used 1145812K [0x0000000080000000, 0x00000000c5f80000, 0x00000000d5580000)
  object space 1146368K, 99% used [0x0000000080000000,0x00000000c5ef53a0,0x00000000c5f80000)
 Metaspace       used 93304K, committed 95232K, reserved 1179648K
  class space    used 9690K, committed 10560K, reserved 1048576K
}

